1557859924617	mozrunner::runner	INFO	Running command: "/usr/bin/firefox" "-marionette" "-foreground" "-no-remote" "-profile" "/tmp/rust_mozprofile.3TT3dhk2kr7y"
1557859925880	addons.webextension.screenshots@mozilla.org	WARN	Loading extension 'screenshots@mozilla.org': Reading manifest: Invalid extension permission: mozillaAddons
1557859925880	addons.webextension.screenshots@mozilla.org	WARN	Loading extension 'screenshots@mozilla.org': Reading manifest: Invalid extension permission: resource://pdf.js/
1557859925881	addons.webextension.screenshots@mozilla.org	WARN	Loading extension 'screenshots@mozilla.org': Reading manifest: Invalid extension permission: about:reader*
1557859928582	Marionette	INFO	Listening on port 44627
1557859928630	Marionette	WARN	TLS certificate errors will be ignored for this session
1557859938452	Marionette	INFO	Stopped listening on port 44627
[Parent 24586, Gecko_IOThread] WARNING: pipe error (80): Connection reset by peer: file /build/firefox-qV0aJY/firefox-66.0.4+build3/ipc/chromium/src/chrome/common/ipc_channel_posix.cc, line 357
1557860044632	mozrunner::runner	INFO	Running command: "/usr/bin/firefox" "-marionette" "-foreground" "-no-remote" "-profile" "/tmp/rust_mozprofile.VaN2yvkZmYHc"
1557860045800	addons.webextension.screenshots@mozilla.org	WARN	Loading extension 'screenshots@mozilla.org': Reading manifest: Invalid extension permission: mozillaAddons
1557860045800	addons.webextension.screenshots@mozilla.org	WARN	Loading extension 'screenshots@mozilla.org': Reading manifest: Invalid extension permission: resource://pdf.js/
1557860045800	addons.webextension.screenshots@mozilla.org	WARN	Loading extension 'screenshots@mozilla.org': Reading manifest: Invalid extension permission: about:reader*
1557860048176	Marionette	INFO	Listening on port 43033
1557860048250	Marionette	WARN	TLS certificate errors will be ignored for this session
1557860054973	Marionette	INFO	Stopped listening on port 43033
[Parent 24863, Gecko_IOThread] WARNING: pipe error (80): Connection reset by peer: file /build/firefox-qV0aJY/firefox-66.0.4+build3/ipc/chromium/src/chrome/common/ipc_channel_posix.cc, line 357
1557860094600	mozrunner::runner	INFO	Running command: "/usr/bin/firefox" "-marionette" "-foreground" "-no-remote" "-profile" "/tmp/rust_mozprofile.fQCIZd3m2896"
1557860095726	addons.webextension.screenshots@mozilla.org	WARN	Loading extension 'screenshots@mozilla.org': Reading manifest: Invalid extension permission: mozillaAddons
1557860095726	addons.webextension.screenshots@mozilla.org	WARN	Loading extension 'screenshots@mozilla.org': Reading manifest: Invalid extension permission: resource://pdf.js/
1557860095726	addons.webextension.screenshots@mozilla.org	WARN	Loading extension 'screenshots@mozilla.org': Reading manifest: Invalid extension permission: about:reader*
1557860098142	Marionette	INFO	Listening on port 33423
1557860098222	Marionette	WARN	TLS certificate errors will be ignored for this session
1557860103769	Marionette	INFO	Stopped listening on port 33423
[Parent 25157, Gecko_IOThread] WARNING: pipe error (80): Connection reset by peer: file /build/firefox-qV0aJY/firefox-66.0.4+build3/ipc/chromium/src/chrome/common/ipc_channel_posix.cc, line 357
1557860156467	mozrunner::runner	INFO	Running command: "/usr/bin/firefox" "-marionette" "-foreground" "-no-remote" "-profile" "/tmp/rust_mozprofile.oSjA41ShkcSZ"
1557860157635	addons.webextension.screenshots@mozilla.org	WARN	Loading extension 'screenshots@mozilla.org': Reading manifest: Invalid extension permission: mozillaAddons
1557860157635	addons.webextension.screenshots@mozilla.org	WARN	Loading extension 'screenshots@mozilla.org': Reading manifest: Invalid extension permission: resource://pdf.js/
1557860157635	addons.webextension.screenshots@mozilla.org	WARN	Loading extension 'screenshots@mozilla.org': Reading manifest: Invalid extension permission: about:reader*
1557860159996	Marionette	INFO	Listening on port 33695
1557860160078	Marionette	WARN	TLS certificate errors will be ignored for this session
1557860167858	Marionette	INFO	Stopped listening on port 33695
[Parent 25450, Gecko_IOThread] WARNING: pipe error (80): Connection reset by peer: file /build/firefox-qV0aJY/firefox-66.0.4+build3/ipc/chromium/src/chrome/common/ipc_channel_posix.cc, line 357
1557860193721	mozrunner::runner	INFO	Running command: "/usr/bin/firefox" "-marionette" "-foreground" "-no-remote" "-profile" "/tmp/rust_mozprofile.Tm8FVOJovCkS"
1557860194961	addons.webextension.screenshots@mozilla.org	WARN	Loading extension 'screenshots@mozilla.org': Reading manifest: Invalid extension permission: mozillaAddons
1557860194961	addons.webextension.screenshots@mozilla.org	WARN	Loading extension 'screenshots@mozilla.org': Reading manifest: Invalid extension permission: resource://pdf.js/
1557860194961	addons.webextension.screenshots@mozilla.org	WARN	Loading extension 'screenshots@mozilla.org': Reading manifest: Invalid extension permission: about:reader*
1557860197350	Marionette	INFO	Listening on port 38219
1557860197434	Marionette	WARN	TLS certificate errors will be ignored for this session
1557860202857	Marionette	INFO	Stopped listening on port 38219
[Parent 25749, Gecko_IOThread] WARNING: pipe error (80): Connection reset by peer: file /build/firefox-qV0aJY/firefox-66.0.4+build3/ipc/chromium/src/chrome/common/ipc_channel_posix.cc, line 357
1557860231536	mozrunner::runner	INFO	Running command: "/usr/bin/firefox" "-marionette" "-foreground" "-no-remote" "-profile" "/tmp/rust_mozprofile.wagoA21a59S5"
1557860232722	addons.webextension.screenshots@mozilla.org	WARN	Loading extension 'screenshots@mozilla.org': Reading manifest: Invalid extension permission: mozillaAddons
1557860232722	addons.webextension.screenshots@mozilla.org	WARN	Loading extension 'screenshots@mozilla.org': Reading manifest: Invalid extension permission: resource://pdf.js/
1557860232722	addons.webextension.screenshots@mozilla.org	WARN	Loading extension 'screenshots@mozilla.org': Reading manifest: Invalid extension permission: about:reader*
1557860235039	Marionette	INFO	Listening on port 44991
1557860235051	Marionette	WARN	TLS certificate errors will be ignored for this session
1557860241769	Marionette	INFO	Stopped listening on port 44991
[Parent 26024, Gecko_IOThread] WARNING: pipe error (80): Connection reset by peer: file /build/firefox-qV0aJY/firefox-66.0.4+build3/ipc/chromium/src/chrome/common/ipc_channel_posix.cc, line 357
1557860354008	mozrunner::runner	INFO	Running command: "/usr/bin/firefox" "-marionette" "-foreground" "-no-remote" "-profile" "/tmp/rust_mozprofile.avpZGgfu77td"
1557860355186	addons.webextension.screenshots@mozilla.org	WARN	Loading extension 'screenshots@mozilla.org': Reading manifest: Invalid extension permission: mozillaAddons
1557860355186	addons.webextension.screenshots@mozilla.org	WARN	Loading extension 'screenshots@mozilla.org': Reading manifest: Invalid extension permission: resource://pdf.js/
1557860355186	addons.webextension.screenshots@mozilla.org	WARN	Loading extension 'screenshots@mozilla.org': Reading manifest: Invalid extension permission: about:reader*
1557860357573	Marionette	INFO	Listening on port 41917
1557860357621	Marionette	WARN	TLS certificate errors will be ignored for this session
1557860402991	mozrunner::runner	INFO	Running command: "/usr/bin/firefox" "-marionette" "-foreground" "-no-remote" "-profile" "/tmp/rust_mozprofile.lwyVmGDnd4YK"
1557860404237	addons.webextension.screenshots@mozilla.org	WARN	Loading extension 'screenshots@mozilla.org': Reading manifest: Invalid extension permission: mozillaAddons
1557860404237	addons.webextension.screenshots@mozilla.org	WARN	Loading extension 'screenshots@mozilla.org': Reading manifest: Invalid extension permission: resource://pdf.js/
1557860404238	addons.webextension.screenshots@mozilla.org	WARN	Loading extension 'screenshots@mozilla.org': Reading manifest: Invalid extension permission: about:reader*
1557860406794	Marionette	INFO	Listening on port 45989
1557860406804	Marionette	WARN	TLS certificate errors will be ignored for this session
[Parent 26314, Gecko_IOThread] WARNING: pipe error (80): Connection reset by peer: file /build/firefox-qV0aJY/firefox-66.0.4+build3/ipc/chromium/src/chrome/common/ipc_channel_posix.cc, line 357
1557860409628	Marionette	INFO	Stopped listening on port 41917
1557860420865	Marionette	INFO	Stopped listening on port 45989
[Parent 26594, Gecko_IOThread] WARNING: pipe error (80): Connection reset by peer: file /build/firefox-qV0aJY/firefox-66.0.4+build3/ipc/chromium/src/chrome/common/ipc_channel_posix.cc, line 357
1557860426707	mozrunner::runner	INFO	Running command: "/usr/bin/firefox" "-marionette" "-foreground" "-no-remote" "-profile" "/tmp/rust_mozprofile.vvqHOrmLDjCE"
1557860427922	addons.webextension.screenshots@mozilla.org	WARN	Loading extension 'screenshots@mozilla.org': Reading manifest: Invalid extension permission: mozillaAddons
1557860427923	addons.webextension.screenshots@mozilla.org	WARN	Loading extension 'screenshots@mozilla.org': Reading manifest: Invalid extension permission: resource://pdf.js/
1557860427923	addons.webextension.screenshots@mozilla.org	WARN	Loading extension 'screenshots@mozilla.org': Reading manifest: Invalid extension permission: about:reader*
1557860430317	Marionette	INFO	Listening on port 38085
1557860430434	Marionette	WARN	TLS certificate errors will be ignored for this session
1557860441978	Marionette	INFO	Stopped listening on port 38085
[Parent 26872, Gecko_IOThread] WARNING: pipe error (80): Connection reset by peer: file /build/firefox-qV0aJY/firefox-66.0.4+build3/ipc/chromium/src/chrome/common/ipc_channel_posix.cc, line 357
1557860880594	mozrunner::runner	INFO	Running command: "/usr/bin/firefox" "-marionette" "-foreground" "-no-remote" "-profile" "/tmp/rust_mozprofile.RLTlD1ax9v92"
1557860881756	addons.webextension.screenshots@mozilla.org	WARN	Loading extension 'screenshots@mozilla.org': Reading manifest: Invalid extension permission: mozillaAddons
1557860881756	addons.webextension.screenshots@mozilla.org	WARN	Loading extension 'screenshots@mozilla.org': Reading manifest: Invalid extension permission: resource://pdf.js/
1557860881756	addons.webextension.screenshots@mozilla.org	WARN	Loading extension 'screenshots@mozilla.org': Reading manifest: Invalid extension permission: about:reader*
1557860884247	Marionette	INFO	Listening on port 43723
1557860884312	Marionette	WARN	TLS certificate errors will be ignored for this session
[Parent 27213, Gecko_IOThread] WARNING: pipe error (80): Connection reset by peer: file /build/firefox-qV0aJY/firefox-66.0.4+build3/ipc/chromium/src/chrome/common/ipc_channel_posix.cc, line 357
[Parent 27213, Gecko_IOThread] WARNING: pipe error (97): Connection reset by peer: file /build/firefox-qV0aJY/firefox-66.0.4+build3/ipc/chromium/src/chrome/common/ipc_channel_posix.cc, line 357
1557860920295	Marionette	INFO	Stopped listening on port 43723
1557860931525	mozrunner::runner	INFO	Running command: "/usr/bin/firefox" "-marionette" "-foreground" "-no-remote" "-profile" "/tmp/rust_mozprofile.q1LtUgsqmE4x"
1557860932651	addons.webextension.screenshots@mozilla.org	WARN	Loading extension 'screenshots@mozilla.org': Reading manifest: Invalid extension permission: mozillaAddons
1557860932652	addons.webextension.screenshots@mozilla.org	WARN	Loading extension 'screenshots@mozilla.org': Reading manifest: Invalid extension permission: resource://pdf.js/
1557860932652	addons.webextension.screenshots@mozilla.org	WARN	Loading extension 'screenshots@mozilla.org': Reading manifest: Invalid extension permission: about:reader*
1557860935095	Marionette	INFO	Listening on port 43241
1557860935138	Marionette	WARN	TLS certificate errors will be ignored for this session
1557860946680	Marionette	INFO	Stopped listening on port 43241
[Parent 27498, Gecko_IOThread] WARNING: pipe error (80): Connection reset by peer: file /build/firefox-qV0aJY/firefox-66.0.4+build3/ipc/chromium/src/chrome/common/ipc_channel_posix.cc, line 357
1557861148513	mozrunner::runner	INFO	Running command: "/usr/bin/firefox" "-marionette" "-foreground" "-no-remote" "-profile" "/tmp/rust_mozprofile.vbxcdxBTmSEr"
1557861149675	addons.webextension.screenshots@mozilla.org	WARN	Loading extension 'screenshots@mozilla.org': Reading manifest: Invalid extension permission: mozillaAddons
1557861149676	addons.webextension.screenshots@mozilla.org	WARN	Loading extension 'screenshots@mozilla.org': Reading manifest: Invalid extension permission: resource://pdf.js/
1557861149676	addons.webextension.screenshots@mozilla.org	WARN	Loading extension 'screenshots@mozilla.org': Reading manifest: Invalid extension permission: about:reader*
1557861152206	Marionette	INFO	Listening on port 43869
1557861152239	Marionette	WARN	TLS certificate errors will be ignored for this session
1557861250639	mozrunner::runner	INFO	Running command: "/usr/bin/firefox" "-marionette" "-foreground" "-no-remote" "-profile" "/tmp/rust_mozprofile.C6ePICKM1ge0"
1557861251885	addons.webextension.screenshots@mozilla.org	WARN	Loading extension 'screenshots@mozilla.org': Reading manifest: Invalid extension permission: mozillaAddons
1557861251885	addons.webextension.screenshots@mozilla.org	WARN	Loading extension 'screenshots@mozilla.org': Reading manifest: Invalid extension permission: resource://pdf.js/
1557861251885	addons.webextension.screenshots@mozilla.org	WARN	Loading extension 'screenshots@mozilla.org': Reading manifest: Invalid extension permission: about:reader*
1557861254475	Marionette	INFO	Listening on port 44561
1557861254558	Marionette	WARN	TLS certificate errors will be ignored for this session
JavaScript warning: https://dvngeac8rg9mb.cloudfront.net/cache/dashboard_2488.js, line 7980: unreachable code after return statement
1557861267810	Marionette	INFO	Stopped listening on port 44561
IPDL protocol error: Handler returned error code!

###!!! [Parent][DispatchAsyncMessage] Error: PLayerTransaction::Msg_ReleaseLayer Processing error: message was deserialized, but the handler returned false (indicating failure)

JavaScript error: resource://gre/modules/WebProgressChild.jsm, line 61: TypeError: this.mm.content is null

###!!! [Child][MessageChannel] Error: (msgtype=0x3500BB,name=PContent::Msg_ScriptError) Channel closing: too late to send/recv, messages will be lost


###!!! [Child][RunMessage] Error: Channel closing: too late to send/recv, messages will be lost


###!!! [Child][MessageChannel] Error: (msgtype=0x3500BB,name=PContent::Msg_ScriptError) Channel closing: too late to send/recv, messages will be lost


###!!! [Child][MessageChannel] Error: (msgtype=0xA70006,name=PWebSocket::Msg_DeleteSelf) Channel closing: too late to send/recv, messages will be lost

console.error: BroadcastService: 
  receivedBroadcastMessage: handler for
  remote-settings/monitor_changes
  threw error:
  Message: Error: Polling for changes failed: NetworkError when attempting to fetch resource..
  Stack:
    remoteSettingsFunction/remoteSettings.pollChanges@resource://services-settings/remote-settings.js:190:13

1557861584804	mozrunner::runner	INFO	Running command: "/usr/bin/firefox" "-marionette" "-foreground" "-no-remote" "-profile" "/tmp/rust_mozprofile.ztRj80m4uwD4"
1557861586078	addons.webextension.screenshots@mozilla.org	WARN	Loading extension 'screenshots@mozilla.org': Reading manifest: Invalid extension permission: mozillaAddons
1557861586079	addons.webextension.screenshots@mozilla.org	WARN	Loading extension 'screenshots@mozilla.org': Reading manifest: Invalid extension permission: resource://pdf.js/
1557861586079	addons.webextension.screenshots@mozilla.org	WARN	Loading extension 'screenshots@mozilla.org': Reading manifest: Invalid extension permission: about:reader*
1557861588555	Marionette	INFO	Listening on port 35797
1557861588615	Marionette	WARN	TLS certificate errors will be ignored for this session
JavaScript warning: https://dvngeac8rg9mb.cloudfront.net/cache/dashboard_2488.js, line 7980: unreachable code after return statement
1557861687158	mozrunner::runner	INFO	Running command: "/usr/bin/firefox" "-marionette" "-foreground" "-no-remote" "-profile" "/tmp/rust_mozprofile.99obHdvdYjSr"
1557861688382	addons.webextension.screenshots@mozilla.org	WARN	Loading extension 'screenshots@mozilla.org': Reading manifest: Invalid extension permission: mozillaAddons
1557861688383	addons.webextension.screenshots@mozilla.org	WARN	Loading extension 'screenshots@mozilla.org': Reading manifest: Invalid extension permission: resource://pdf.js/
1557861688383	addons.webextension.screenshots@mozilla.org	WARN	Loading extension 'screenshots@mozilla.org': Reading manifest: Invalid extension permission: about:reader*
1557861691038	Marionette	INFO	Listening on port 39029
1557861691082	Marionette	WARN	TLS certificate errors will be ignored for this session
[Parent 28434, Gecko_IOThread] WARNING: pipe error (80): Connection reset by peer: file /build/firefox-qV0aJY/firefox-66.0.4+build3/ipc/chromium/src/chrome/common/ipc_channel_posix.cc, line 357
[Parent 28434, Gecko_IOThread] WARNING: pipe error (94): Connection reset by peer: file /build/firefox-qV0aJY/firefox-66.0.4+build3/ipc/chromium/src/chrome/common/ipc_channel_posix.cc, line 357
1557861695472	Marionette	INFO	Stopped listening on port 35797
[Parent 27804, Gecko_IOThread] WARNING: pipe error (80): Connection reset by peer: file /build/firefox-qV0aJY/firefox-66.0.4+build3/ipc/chromium/src/chrome/common/ipc_channel_posix.cc, line 357
[Parent 27804, Gecko_IOThread] WARNING: pipe error (97): Connection reset by peer: file /build/firefox-qV0aJY/firefox-66.0.4+build3/ipc/chromium/src/chrome/common/ipc_channel_posix.cc, line 357
1557861701144	Marionette	INFO	Stopped listening on port 43869
JavaScript warning: https://dvngeac8rg9mb.cloudfront.net/cache/dashboard_2488.js, line 7980: unreachable code after return statement
1557861705891	Marionette	INFO	Stopped listening on port 39029
[Parent 28740, Gecko_IOThread] WARNING: pipe error (80): Connection reset by peer: file /build/firefox-qV0aJY/firefox-66.0.4+build3/ipc/chromium/src/chrome/common/ipc_channel_posix.cc, line 357
